<?xml version="1.0" encoding="utf-8" ?>
<!DOCTYPE html PUBLIC "-//W3C//DTD XHTML 1.0 Strict//EN"
        "http://www.w3.org/TR/xhtml1/DTD/xhtml1-strict.dtd">
<html xmlns="http://www.w3.org/1999/xhtml" xml:lang="" lang="">
<head>
  <title>Test Results Report - TestGmailPositive</title>
  <meta http-equiv="Content-Type" content="text/html;charset=utf-8" />
  <meta name="description" content="TestNG unit test results." />
  <link href="reportng.css" rel="stylesheet" type="text/css" />
    <script type="text/javascript" src="reportng.js"></script>
</head>
<body>
<h1>TestGmailPositive</h1>
<p>
  Test duration: 7.973s
</p>



  <table class="resultsTable">
    <tr><th colspan="3" class="header failed">Failed Tests</th></tr>
          <tr>
        <td colspan="3" class="group">com.epam.testgmail.TestGmail</td>
      </tr>
            
<tr>
  <td class="method">
                  testGmail
      </td>
  <td class="duration">
    3.369s
  </td>
  <td class="result">
        
          <i>Method arguments: </i><span class="arguments">UserModel [login=romslavinsky@gmail.com, password=sitterslavinsky]</span><br />
    
            <div class="testOutput">
                        2017-08-09 15:45:37 INFO&nbsp; MyListener:39 - Test testGmail is started<br/>
&lt;/br&gt;<br />
                                2017-08-09 15:45:37 INFO&nbsp; MyListener:39 - Test testGmail is started<br/>
&lt;/br&gt;<br />
                                2017-08-09 15:45:40 INFO&nbsp; MyListener:29 - Test testGmail is failed<br/>
&lt;/br&gt;<br />
                                2017-08-09 15:45:40 INFO&nbsp; MyListener:29 - Test testGmail is failed<br/>
&lt;/br&gt;<br />
                  </div>
    

        <a href="javascript:toggleElement('exception-0', 'block')" title="Click to expand/collapse"><b>org.openqa.selenium.NoSuchWindowException: no such window: target window already closed<br/>
from unknown error: web view not found<br/>
&nbsp; (Session info: chrome=60.0.3112.90)<br/>
&nbsp; (Driver info: chromedriver=2.30.477700 (0057494ad8732195794a7b32078424f92a5fce41),platform=Windows NT 10.0.14393 x86_64) (WARNING: The server did not provide any stacktrace information)<br/>
Command duration or timeout: 5 milliseconds<br/>
Build info: version: &apos;3.4.0&apos;, revision: &apos;unknown&apos;, time: &apos;unknown&apos;<br/>
System info: host: &apos;EPUALVIW0391&apos;, ip: &apos;10.25.32.58&apos;, os.name: &apos;Windows 10&apos;, os.arch: &apos;amd64&apos;, os.version: &apos;10.0&apos;, java.version: &apos;1.8.0_131&apos;<br/>
Driver info: driver.Driver$1<br/>
Capabilities [{applicationCacheEnabled=false, rotatable=false, mobileEmulationEnabled=false, networkConnectionEnabled=false, chrome={chromedriverVersion=2.30.477700 (0057494ad8732195794a7b32078424f92a5fce41), userDataDir=C:\Users\user\AppData\Local\Temp\scoped_dir7572_6168}, takesHeapSnapshot=true, pageLoadStrategy=normal, databaseEnabled=false, handlesAlerts=true, hasTouchScreen=false, version=60.0.3112.90, platform=XP, browserConnectionEnabled=false, nativeEvents=true, acceptSslCerts=true, locationContextEnabled=true, webStorageEnabled=true, browserName=chrome, takesScreenshot=true, javascriptEnabled=true, cssSelectorsEnabled=true, unexpectedAlertBehaviour=}]<br/>
Session ID: 8e93d168e6419e59721dae7b2c59d172<br/>
*** Element info: {Using=name, value=identifier}</b></a><br />
    <div class="stackTrace" id="exception-0">
              sun.reflect.NativeConstructorAccessorImpl.newInstance0(Native Method)<br />
              sun.reflect.NativeConstructorAccessorImpl.newInstance(NativeConstructorAccessorImpl.java:62)<br />
              sun.reflect.DelegatingConstructorAccessorImpl.newInstance(DelegatingConstructorAccessorImpl.java:45)<br />
              java.lang.reflect.Constructor.newInstance(Constructor.java:423)<br />
              org.openqa.selenium.remote.ErrorHandler.createThrowable(ErrorHandler.java:215)<br />
              org.openqa.selenium.remote.ErrorHandler.throwIfResponseFailed(ErrorHandler.java:167)<br />
              org.openqa.selenium.remote.RemoteWebDriver.execute(RemoteWebDriver.java:671)<br />
              org.openqa.selenium.remote.RemoteWebDriver.findElement(RemoteWebDriver.java:410)<br />
              org.openqa.selenium.remote.RemoteWebDriver.findElementByName(RemoteWebDriver.java:485)<br />
              org.openqa.selenium.By$ByName.findElement(By.java:303)<br />
              org.openqa.selenium.remote.RemoteWebDriver.findElement(RemoteWebDriver.java:402)<br />
              org.openqa.selenium.support.pagefactory.DefaultElementLocator.findElement(DefaultElementLocator.java:69)<br />
              org.openqa.selenium.support.pagefactory.internal.LocatingElementHandler.invoke(LocatingElementHandler.java:38)<br />
              com.sun.proxy.$Proxy8.sendKeys(Unknown Source)<br />
              com.epam.decorator.Input.sendKeys(Input.java:18)<br />
              pageobject.LoginPage.typeLoginAndSubmit(LoginPage.java:28)<br />
              bussinessobj.LoginBO.login(LoginBO.java:15)<br />
              com.epam.testgmail.TestGmail.testGmail(TestGmail.java:40)<br />
              sun.reflect.NativeMethodAccessorImpl.invoke0(Native Method)<br />
              sun.reflect.NativeMethodAccessorImpl.invoke(NativeMethodAccessorImpl.java:62)<br />
              sun.reflect.DelegatingMethodAccessorImpl.invoke(DelegatingMethodAccessorImpl.java:43)<br />
              java.lang.reflect.Method.invoke(Method.java:498)<br />
              org.testng.internal.MethodInvocationHelper.invokeMethod(MethodInvocationHelper.java:108)<br />
              org.testng.internal.Invoker.invokeMethod(Invoker.java:661)<br />
              org.testng.internal.Invoker.invokeTestMethod(Invoker.java:869)<br />
              org.testng.internal.TestMethodWithDataProviderMethodWorker.call(TestMethodWithDataProviderMethodWorker.java:75)<br />
              org.testng.internal.TestMethodWithDataProviderMethodWorker.call(TestMethodWithDataProviderMethodWorker.java:14)<br />
              java.util.concurrent.FutureTask.run(FutureTask.java:266)<br />
              java.util.concurrent.Executors$RunnableAdapter.call(Executors.java:511)<br />
              java.util.concurrent.FutureTask.run(FutureTask.java:266)<br />
              java.util.concurrent.ThreadPoolExecutor.runWorker(ThreadPoolExecutor.java:1142)<br />
              java.util.concurrent.ThreadPoolExecutor$Worker.run(ThreadPoolExecutor.java:617)<br />
              java.lang.Thread.run(Thread.java:748)<br />
                </div>
      </td>
</tr>
<tr>
  <td class="method">
                  testGmail
      </td>
  <td class="duration">
    2.890s
  </td>
  <td class="result">
        
          <i>Method arguments: </i><span class="arguments">UserModel [login=olegvovkanych@gmail.com, password=sittervovkanych]</span><br />
    
            <div class="testOutput">
                        2017-08-09 15:45:37 INFO&nbsp; MyListener:39 - Test testGmail is started<br/>
&lt;/br&gt;<br />
                                2017-08-09 15:45:37 INFO&nbsp; MyListener:39 - Test testGmail is started<br/>
&lt;/br&gt;<br />
                                2017-08-09 15:45:40 INFO&nbsp; MyListener:29 - Test testGmail is failed<br/>
&lt;/br&gt;<br />
                                2017-08-09 15:45:40 INFO&nbsp; MyListener:29 - Test testGmail is failed<br/>
&lt;/br&gt;<br />
                  </div>
    

        <a href="javascript:toggleElement('exception-1', 'block')" title="Click to expand/collapse"><b>org.openqa.selenium.NoSuchWindowException: no such window: target window already closed<br/>
from unknown error: web view not found<br/>
&nbsp; (Session info: chrome=60.0.3112.90)<br/>
&nbsp; (Driver info: chromedriver=2.30.477700 (0057494ad8732195794a7b32078424f92a5fce41),platform=Windows NT 10.0.14393 x86_64) (WARNING: The server did not provide any stacktrace information)<br/>
Command duration or timeout: 8 milliseconds<br/>
Build info: version: &apos;3.4.0&apos;, revision: &apos;unknown&apos;, time: &apos;unknown&apos;<br/>
System info: host: &apos;EPUALVIW0391&apos;, ip: &apos;10.25.32.58&apos;, os.name: &apos;Windows 10&apos;, os.arch: &apos;amd64&apos;, os.version: &apos;10.0&apos;, java.version: &apos;1.8.0_131&apos;<br/>
Driver info: driver.Driver$1<br/>
Capabilities [{applicationCacheEnabled=false, rotatable=false, mobileEmulationEnabled=false, networkConnectionEnabled=false, chrome={chromedriverVersion=2.30.477700 (0057494ad8732195794a7b32078424f92a5fce41), userDataDir=C:\Users\user\AppData\Local\Temp\scoped_dir8852_9978}, takesHeapSnapshot=true, pageLoadStrategy=normal, databaseEnabled=false, handlesAlerts=true, hasTouchScreen=false, version=60.0.3112.90, platform=XP, browserConnectionEnabled=false, nativeEvents=true, acceptSslCerts=true, locationContextEnabled=true, webStorageEnabled=true, browserName=chrome, takesScreenshot=true, javascriptEnabled=true, cssSelectorsEnabled=true, unexpectedAlertBehaviour=}]<br/>
Session ID: b2ac46227cef5185a597449a8f8e472b<br/>
*** Element info: {Using=name, value=identifier}</b></a><br />
    <div class="stackTrace" id="exception-1">
              sun.reflect.NativeConstructorAccessorImpl.newInstance0(Native Method)<br />
              sun.reflect.NativeConstructorAccessorImpl.newInstance(NativeConstructorAccessorImpl.java:62)<br />
              sun.reflect.DelegatingConstructorAccessorImpl.newInstance(DelegatingConstructorAccessorImpl.java:45)<br />
              java.lang.reflect.Constructor.newInstance(Constructor.java:423)<br />
              org.openqa.selenium.remote.ErrorHandler.createThrowable(ErrorHandler.java:215)<br />
              org.openqa.selenium.remote.ErrorHandler.throwIfResponseFailed(ErrorHandler.java:167)<br />
              org.openqa.selenium.remote.RemoteWebDriver.execute(RemoteWebDriver.java:671)<br />
              org.openqa.selenium.remote.RemoteWebDriver.findElement(RemoteWebDriver.java:410)<br />
              org.openqa.selenium.remote.RemoteWebDriver.findElementByName(RemoteWebDriver.java:485)<br />
              org.openqa.selenium.By$ByName.findElement(By.java:303)<br />
              org.openqa.selenium.remote.RemoteWebDriver.findElement(RemoteWebDriver.java:402)<br />
              org.openqa.selenium.support.pagefactory.DefaultElementLocator.findElement(DefaultElementLocator.java:69)<br />
              org.openqa.selenium.support.pagefactory.internal.LocatingElementHandler.invoke(LocatingElementHandler.java:38)<br />
              com.sun.proxy.$Proxy8.sendKeys(Unknown Source)<br />
              com.epam.decorator.Input.sendKeys(Input.java:18)<br />
              pageobject.LoginPage.typeLoginAndSubmit(LoginPage.java:28)<br />
              bussinessobj.LoginBO.login(LoginBO.java:15)<br />
              com.epam.testgmail.TestGmail.testGmail(TestGmail.java:40)<br />
              sun.reflect.NativeMethodAccessorImpl.invoke0(Native Method)<br />
              sun.reflect.NativeMethodAccessorImpl.invoke(NativeMethodAccessorImpl.java:62)<br />
              sun.reflect.DelegatingMethodAccessorImpl.invoke(DelegatingMethodAccessorImpl.java:43)<br />
              java.lang.reflect.Method.invoke(Method.java:498)<br />
              org.testng.internal.MethodInvocationHelper.invokeMethod(MethodInvocationHelper.java:108)<br />
              org.testng.internal.Invoker.invokeMethod(Invoker.java:661)<br />
              org.testng.internal.Invoker.invokeTestMethod(Invoker.java:869)<br />
              org.testng.internal.TestMethodWithDataProviderMethodWorker.call(TestMethodWithDataProviderMethodWorker.java:75)<br />
              org.testng.internal.TestMethodWithDataProviderMethodWorker.call(TestMethodWithDataProviderMethodWorker.java:14)<br />
              java.util.concurrent.FutureTask.run(FutureTask.java:266)<br />
              java.util.concurrent.Executors$RunnableAdapter.call(Executors.java:511)<br />
              java.util.concurrent.FutureTask.run(FutureTask.java:266)<br />
              java.util.concurrent.ThreadPoolExecutor.runWorker(ThreadPoolExecutor.java:1142)<br />
              java.util.concurrent.ThreadPoolExecutor$Worker.run(ThreadPoolExecutor.java:617)<br />
              java.lang.Thread.run(Thread.java:748)<br />
                </div>
      </td>
</tr>
      </table>


  
</body>
</html>
