<?xml version="1.0" encoding="utf-8" ?>
<!DOCTYPE html PUBLIC "-//W3C//DTD XHTML 1.0 Strict//EN"
        "http://www.w3.org/TR/xhtml1/DTD/xhtml1-strict.dtd">
<html xmlns="http://www.w3.org/1999/xhtml" xml:lang="" lang="">
<head>
  <title>Test Results Report - TestGmailNagative</title>
  <meta http-equiv="Content-Type" content="text/html;charset=utf-8" />
  <meta name="description" content="TestNG unit test results." />
  <link href="reportng.css" rel="stylesheet" type="text/css" />
    <script type="text/javascript" src="reportng.js"></script>
</head>
<body>
<h1>TestGmailNagative</h1>
<p>
  Test duration: 122.899s
</p>



  <table class="resultsTable">
    <tr><th colspan="3" class="header failed">Failed Tests</th></tr>
          <tr>
        <td colspan="3" class="group">com.epam.testgmail.TestGmailNegative</td>
      </tr>
            
<tr>
  <td class="method">
                  testLogin
      </td>
  <td class="duration">
    54.786s
  </td>
  <td class="result">
        
          <i>Method arguments: </i><span class="arguments">UserModel [login=romslavinsky@gmail.com, password=sitterslavinsky]</span><br />
    
            <div class="testOutput">
                        2017-08-08 13:31:57 INFO&nbsp; MyListener:39 - Test testLogin is started<br/>
&lt;/br&gt;<br />
                                2017-08-08 13:32:52 INFO&nbsp; MyListener:29 - Test testLogin is failed<br/>
&lt;/br&gt;<br />
                  </div>
    

        <a href="javascript:toggleElement('exception-0', 'block')" title="Click to expand/collapse"><b>org.openqa.selenium.TimeoutException: Expected condition failed: waiting for element to be clickable: [[: chrome on XP (58dd276358297161d1473e67e6f75e6b)] -&gt; css selector: .oj div textarea] (tried for 30 second(s) with 500 MILLISECONDS interval)<br/>
Build info: version: &apos;3.4.0&apos;, revision: &apos;unknown&apos;, time: &apos;unknown&apos;<br/>
System info: host: &apos;EPUALVIW0391&apos;, ip: &apos;10.25.32.58&apos;, os.name: &apos;Windows 10&apos;, os.arch: &apos;amd64&apos;, os.version: &apos;10.0&apos;, java.version: &apos;1.8.0_131&apos;<br/>
Driver info: driver.Driver$1<br/>
Capabilities [{applicationCacheEnabled=false, rotatable=false, mobileEmulationEnabled=false, networkConnectionEnabled=false, chrome={chromedriverVersion=2.30.477700 (0057494ad8732195794a7b32078424f92a5fce41), userDataDir=C:\Users\user\AppData\Local\Temp\scoped_dir8752_171}, takesHeapSnapshot=true, pageLoadStrategy=normal, databaseEnabled=false, handlesAlerts=true, hasTouchScreen=false, version=59.0.3071.115, platform=XP, browserConnectionEnabled=false, nativeEvents=true, acceptSslCerts=true, locationContextEnabled=true, webStorageEnabled=true, browserName=chrome, takesScreenshot=true, javascriptEnabled=true, cssSelectorsEnabled=true, unexpectedAlertBehaviour=}]<br/>
Session ID: 58dd276358297161d1473e67e6f75e6b</b></a><br />
    <div class="stackTrace" id="exception-0">
              org.openqa.selenium.support.ui.WebDriverWait.timeoutException(WebDriverWait.java:80)<br />
              org.openqa.selenium.support.ui.FluentWait.until(FluentWait.java:232)<br />
              com.epam.decorator.Input.click(Input.java:23)<br />
              pageobject.HomePage.deleteEnteredEmailAddress(HomePage.java:72)<br />
              bussinessobj.HomePageBO.closeErrorAndClearEmailInput(HomePageBO.java:23)<br />
              com.epam.testgmail.TestGmailNegative.testLogin(TestGmailNegative.java:40)<br />
              sun.reflect.NativeMethodAccessorImpl.invoke0(Native Method)<br />
              sun.reflect.NativeMethodAccessorImpl.invoke(NativeMethodAccessorImpl.java:62)<br />
              sun.reflect.DelegatingMethodAccessorImpl.invoke(DelegatingMethodAccessorImpl.java:43)<br />
              java.lang.reflect.Method.invoke(Method.java:498)<br />
              org.testng.internal.MethodInvocationHelper.invokeMethod(MethodInvocationHelper.java:108)<br />
              org.testng.internal.Invoker.invokeMethod(Invoker.java:661)<br />
              org.testng.internal.Invoker.invokeTestMethod(Invoker.java:869)<br />
              org.testng.internal.TestMethodWithDataProviderMethodWorker.call(TestMethodWithDataProviderMethodWorker.java:75)<br />
              org.testng.internal.TestMethodWithDataProviderMethodWorker.call(TestMethodWithDataProviderMethodWorker.java:14)<br />
              java.util.concurrent.FutureTask.run(FutureTask.java:266)<br />
              java.util.concurrent.Executors$RunnableAdapter.call(Executors.java:511)<br />
              java.util.concurrent.FutureTask.run(FutureTask.java:266)<br />
              java.util.concurrent.ThreadPoolExecutor.runWorker(ThreadPoolExecutor.java:1142)<br />
              java.util.concurrent.ThreadPoolExecutor$Worker.run(ThreadPoolExecutor.java:617)<br />
              java.lang.Thread.run(Thread.java:748)<br />
                </div>
      </td>
</tr>
<tr>
  <td class="method">
                  testLogin
      </td>
  <td class="duration">
    66.526s
  </td>
  <td class="result">
        
          <i>Method arguments: </i><span class="arguments">UserModel [login=olegvovkanych@gmail.com, password=sittervovkanych]</span><br />
    
            <div class="testOutput">
                        2017-08-08 13:31:57 INFO&nbsp; MyListener:39 - Test testLogin is started<br/>
&lt;/br&gt;<br />
                                2017-08-08 13:33:04 INFO&nbsp; MyListener:29 - Test testLogin is failed<br/>
&lt;/br&gt;<br />
                  </div>
    

        <a href="javascript:toggleElement('exception-1', 'block')" title="Click to expand/collapse"><b>org.openqa.selenium.TimeoutException: Expected condition failed: waiting for element to be clickable: Proxy element for: DefaultElementLocator &apos;By.cssSelector: div.T-I.J-J5-Ji.T-I-KE.L3&apos; (tried for 30 second(s) with 500 MILLISECONDS interval)</b></a><br />
    <div class="stackTrace" id="exception-1">
              org.openqa.selenium.support.ui.WebDriverWait.timeoutException(WebDriverWait.java:80)<br />
              org.openqa.selenium.support.ui.FluentWait.until(FluentWait.java:232)<br />
              com.epam.decorator.Button.click(Button.java:18)<br />
              pageobject.HomePage.composeClick(HomePage.java:50)<br />
              bussinessobj.HomePageBO.clickCompose(HomePageBO.java:13)<br />
              com.epam.testgmail.TestGmailNegative.testLogin(TestGmailNegative.java:38)<br />
              sun.reflect.NativeMethodAccessorImpl.invoke0(Native Method)<br />
              sun.reflect.NativeMethodAccessorImpl.invoke(NativeMethodAccessorImpl.java:62)<br />
              sun.reflect.DelegatingMethodAccessorImpl.invoke(DelegatingMethodAccessorImpl.java:43)<br />
              java.lang.reflect.Method.invoke(Method.java:498)<br />
              org.testng.internal.MethodInvocationHelper.invokeMethod(MethodInvocationHelper.java:108)<br />
              org.testng.internal.Invoker.invokeMethod(Invoker.java:661)<br />
              org.testng.internal.Invoker.invokeTestMethod(Invoker.java:869)<br />
              org.testng.internal.TestMethodWithDataProviderMethodWorker.call(TestMethodWithDataProviderMethodWorker.java:75)<br />
              org.testng.internal.TestMethodWithDataProviderMethodWorker.call(TestMethodWithDataProviderMethodWorker.java:14)<br />
              java.util.concurrent.FutureTask.run(FutureTask.java:266)<br />
              java.util.concurrent.Executors$RunnableAdapter.call(Executors.java:511)<br />
              java.util.concurrent.FutureTask.run(FutureTask.java:266)<br />
              java.util.concurrent.ThreadPoolExecutor.runWorker(ThreadPoolExecutor.java:1142)<br />
              java.util.concurrent.ThreadPoolExecutor$Worker.run(ThreadPoolExecutor.java:617)<br />
              java.lang.Thread.run(Thread.java:748)<br />
                    <b>Caused by: </b> <a href="javascript:toggleElement('exception-2', 'block')" title="Click to expand/collapse">org.openqa.selenium.NoSuchElementException: no such element: Unable to locate element: {&quot;method&quot;:&quot;css selector&quot;,&quot;selector&quot;:&quot;div.T-I.J-J5-Ji.T-I-KE.L3&quot;}<br/>
&nbsp; (Session info: chrome=59.0.3071.115)<br/>
&nbsp; (Driver info: chromedriver=2.30.477700 (0057494ad8732195794a7b32078424f92a5fce41),platform=Windows NT 10.0.14393 x86_64) (WARNING: The server did not provide any stacktrace information)<br/>
Command duration or timeout: 30.01 seconds<br/>
For documentation on this error, please visit: http://seleniumhq.org/exceptions/no_such_element.html<br/>
Build info: version: &apos;3.4.0&apos;, revision: &apos;unknown&apos;, time: &apos;unknown&apos;<br/>
System info: host: &apos;EPUALVIW0391&apos;, ip: &apos;10.25.32.58&apos;, os.name: &apos;Windows 10&apos;, os.arch: &apos;amd64&apos;, os.version: &apos;10.0&apos;, java.version: &apos;1.8.0_131&apos;<br/>
Driver info: driver.Driver$1<br/>
Capabilities [{applicationCacheEnabled=false, rotatable=false, mobileEmulationEnabled=false, networkConnectionEnabled=false, chrome={chromedriverVersion=2.30.477700 (0057494ad8732195794a7b32078424f92a5fce41), userDataDir=C:\Users\user\AppData\Local\Temp\scoped_dir8696_19798}, takesHeapSnapshot=true, pageLoadStrategy=normal, databaseEnabled=false, handlesAlerts=true, hasTouchScreen=false, version=59.0.3071.115, platform=XP, browserConnectionEnabled=false, nativeEvents=true, acceptSslCerts=true, locationContextEnabled=true, webStorageEnabled=true, browserName=chrome, takesScreenshot=true, javascriptEnabled=true, cssSelectorsEnabled=true, unexpectedAlertBehaviour=}]<br/>
Session ID: 85fad358c9ff8eb97008e7a4ecd9bc89<br/>
*** Element info: {Using=css selector, value=div.T-I.J-J5-Ji.T-I-KE.L3}</a><br />
        <div class="stackTrace" id="exception-2">
                      sun.reflect.NativeConstructorAccessorImpl.newInstance0(Native Method)<br />
                      sun.reflect.NativeConstructorAccessorImpl.newInstance(NativeConstructorAccessorImpl.java:62)<br />
                      sun.reflect.DelegatingConstructorAccessorImpl.newInstance(DelegatingConstructorAccessorImpl.java:45)<br />
                      java.lang.reflect.Constructor.newInstance(Constructor.java:423)<br />
                      org.openqa.selenium.remote.ErrorHandler.createThrowable(ErrorHandler.java:215)<br />
                      org.openqa.selenium.remote.ErrorHandler.throwIfResponseFailed(ErrorHandler.java:167)<br />
                      org.openqa.selenium.remote.RemoteWebDriver.execute(RemoteWebDriver.java:671)<br />
                      org.openqa.selenium.remote.RemoteWebDriver.findElement(RemoteWebDriver.java:410)<br />
                      org.openqa.selenium.remote.RemoteWebDriver.findElementByCssSelector(RemoteWebDriver.java:501)<br />
                      org.openqa.selenium.By$ByCssSelector.findElement(By.java:430)<br />
                      org.openqa.selenium.remote.RemoteWebDriver.findElement(RemoteWebDriver.java:402)<br />
                      org.openqa.selenium.support.pagefactory.DefaultElementLocator.findElement(DefaultElementLocator.java:69)<br />
                      org.openqa.selenium.support.pagefactory.internal.LocatingElementHandler.invoke(LocatingElementHandler.java:38)<br />
                      com.sun.proxy.$Proxy5.isDisplayed(Unknown Source)<br />
                      org.openqa.selenium.support.ui.ExpectedConditions.elementIfVisible(ExpectedConditions.java:302)<br />
                      org.openqa.selenium.support.ui.ExpectedConditions.access$100(ExpectedConditions.java:44)<br />
                      org.openqa.selenium.support.ui.ExpectedConditions$10.apply(ExpectedConditions.java:288)<br />
                      org.openqa.selenium.support.ui.ExpectedConditions$10.apply(ExpectedConditions.java:285)<br />
                      org.openqa.selenium.support.ui.ExpectedConditions$23.apply(ExpectedConditions.java:673)<br />
                      org.openqa.selenium.support.ui.ExpectedConditions$23.apply(ExpectedConditions.java:669)<br />
                      org.openqa.selenium.support.ui.FluentWait.until(FluentWait.java:209)<br />
                      com.epam.decorator.Button.click(Button.java:18)<br />
                      pageobject.HomePage.composeClick(HomePage.java:50)<br />
                      bussinessobj.HomePageBO.clickCompose(HomePageBO.java:13)<br />
                      com.epam.testgmail.TestGmailNegative.testLogin(TestGmailNegative.java:38)<br />
                      sun.reflect.NativeMethodAccessorImpl.invoke0(Native Method)<br />
                      sun.reflect.NativeMethodAccessorImpl.invoke(NativeMethodAccessorImpl.java:62)<br />
                      sun.reflect.DelegatingMethodAccessorImpl.invoke(DelegatingMethodAccessorImpl.java:43)<br />
                      java.lang.reflect.Method.invoke(Method.java:498)<br />
                      org.testng.internal.MethodInvocationHelper.invokeMethod(MethodInvocationHelper.java:108)<br />
                      org.testng.internal.Invoker.invokeMethod(Invoker.java:661)<br />
                      org.testng.internal.Invoker.invokeTestMethod(Invoker.java:869)<br />
                      org.testng.internal.TestMethodWithDataProviderMethodWorker.call(TestMethodWithDataProviderMethodWorker.java:75)<br />
                      org.testng.internal.TestMethodWithDataProviderMethodWorker.call(TestMethodWithDataProviderMethodWorker.java:14)<br />
                      java.util.concurrent.FutureTask.run(FutureTask.java:266)<br />
                      java.util.concurrent.Executors$RunnableAdapter.call(Executors.java:511)<br />
                      java.util.concurrent.FutureTask.run(FutureTask.java:266)<br />
                      java.util.concurrent.ThreadPoolExecutor.runWorker(ThreadPoolExecutor.java:1142)<br />
                      java.util.concurrent.ThreadPoolExecutor$Worker.run(ThreadPoolExecutor.java:617)<br />
                      java.lang.Thread.run(Thread.java:748)<br />
                  </div>
          </div>
      </td>
</tr>
      </table>


  
</body>
</html>
